*** Using Compiler 'V5.06 update 1 (build 61)', folder: 'C:\Keil_v5\ARM\ARMCC\Bin'
Rebuild target 'handle_control_car'
assembling startup_stm32f40xx.s...
compiling core_cm4.c...
compiling stm32f4xx_cec.c...
compiling misc.c...
compiling system_stm32f4xx.c...
compiling stm32f4xx_dbgmcu.c...
compiling stm32f4xx_crc.c...
compiling stm32f4xx_exti.c...
compiling stm32f4xx_dac.c...
compiling stm32f4xx_can.c...
compiling stm32f4xx_adc.c...
compiling stm32f4xx_dma.c...
compiling stm32f4xx_flash.c...
compiling main.c...
compiling stm32f4xx_it.c...
compiling stm32f4xx_gpio.c...
compiling stm32f4xx_i2c.c...
compiling stm32f4xx_fsmc.c...
compiling stm32f4xx_iwdg.c...
compiling stm32f4xx_pwr.c...
compiling stm32f4xx_spi.c...
compiling stm32f4xx_wwdg.c...
compiling stm32f4xx_syscfg.c...
compiling stm32f4xx_usart.c...
compiling stm32f4xx_sdio.c...
compiling stm32f4xx_rcc.c...
compiling stm32f4xx_tim.c...
compiling stm32f4xx_rtc.c...
compiling delay.c...
compiling led.c...
compiling bsp.c...
compiling usart1.c...
compiling intsever.c...
compiling IOI2C.c...
compiling oled_fonts.c...
compiling key.c...
compiling beep.c...
compiling encoder.c...
compiling battery_adc.c...
compiling mpu6050.c...
compiling motor.c...
compiling oled_i2c.c...
compiling timer.c...
compiling filter.c...
..\APP\filter\filter.c(11): warning:  #550-D: variable "angle_dot" was set but never used
  	static float angle_dot;
..\APP\filter\filter.c(75): warning:  #550-D: variable "angle_dot" was set but never used
  	static float angle_dot;
..\APP\filter\filter.c: 2 warnings, 0 errors
compiling oled.c...
compiling ps2.c...
compiling inv_mpu.c...
compiling inv_mpu_dmp_motion_driver.c...
compiling app_motor.c...
compiling app_ps2.c...
compiling pid_control.c...
compiling app_control.c...
compiling KF.c...
linking...
Program Size: Code=38178 RO-data=14510 RW-data=600 ZI-data=2224  
FromELF: creating hex file...
"..\OBJ\mpu6050.axf" - 0 Error(s), 2 Warning(s).
Build Time Elapsed:  00:00:04
