*** Using Compiler 'V5.06 update 1 (build 61)', folder: 'C:\Keil_v5\ARM\ARMCC\Bin'
Rebuild target 'spi'
compiling core_cm4.c...
assembling startup_stm32f40xx.s...
compiling stm32f4xx_crc.c...
compiling stm32f4xx_adc.c...
compiling stm32f4xx_cec.c...
compiling stm32f4xx_dbgmcu.c...
compiling stm32f4xx_dma.c...
compiling system_stm32f4xx.c...
compiling stm32f4xx_exti.c...
compiling main.c...
compiling stm32f4xx_dac.c...
compiling misc.c...
compiling stm32f4xx_can.c...
compiling stm32f4xx_it.c...
compiling stm32f4xx_flash.c...
compiling stm32f4xx_gpio.c...
compiling stm32f4xx_fsmc.c...
compiling stm32f4xx_i2c.c...
compiling stm32f4xx_iwdg.c...
compiling stm32f4xx_pwr.c...
compiling stm32f4xx_sdio.c...
compiling stm32f4xx_spi.c...
compiling stm32f4xx_wwdg.c...
compiling delay.c...
compiling stm32f4xx_usart.c...
compiling stm32f4xx_rcc.c...
compiling stm32f4xx_rtc.c...
compiling stm32f4xx_tim.c...
compiling bsp.c...
compiling led.c...
compiling timer.c...
compiling app_ps2.c...
compiling usart1.c...
compiling ps2.c...
linking...
Program Size: Code=6000 RO-data=536 RW-data=188 ZI-data=1644  
FromELF: creating hex file...
"..\OBJ\Template.axf" - 0 Error(s), 0 Warning(s).
Build Time Elapsed:  00:00:04
